#
# There is insufficient memory for the Java Runtime Environment to continue.
# Native memory allocation (malloc) failed to allocate 812976 bytes for Chunk::new
# Possible reasons:
#   The system is out of physical RAM or swap space
#   The process is running with CompressedOops enabled, and the Java Heap may be blocking the growth of the native heap
# Possible solutions:
#   Reduce memory load on the system
#   Increase physical memory or swap space
#   Check if swap backing store is full
#   Decrease Java heap size (-Xmx/-Xms)
#   Decrease number of Java threads
#   Decrease Java thread stack sizes (-Xss)
#   Set larger code cache with -XX:ReservedCodeCacheSize=
#   JVM is running with Unscaled Compressed Oops mode in which the Java heap is
#     placed in the first 4GB address space. The Java Heap base address is the
#     maximum limit for the native heap growth. Please use -XX:HeapBaseMinAddress
#     to set the Java Heap base and to place the Java Heap above 4GB virtual address.
# This output file may be truncated or incomplete.
#
#  Out of Memory Error (arena.cpp:189), pid=24444, tid=24608
#
# JRE version: Java(TM) SE Runtime Environment (17.0.9+11) (build 17.0.9+11-LTS-201)
# Java VM: Java HotSpot(TM) 64-Bit Server VM (17.0.9+11-LTS-201, mixed mode, sharing, tiered, compressed oops, compressed class ptrs, g1 gc, windows-amd64)
# No core dump will be written. Minidumps are not enabled by default on client versions of Windows
#

---------------  S U M M A R Y ------------

Command Line: -Dclassworlds.conf=C:/Program Files/apache-maven-3.9.6/bin/m2.conf -Dmaven.home=C:/Program Files/apache-maven-3.9.6 -Dlibrary.jansi.path=C:/Program Files/apache-maven-3.9.6/lib/jansi-native -Dmaven.multiModuleProjectDirectory=D:/LE HOANG PHUC/School Project/Major/Graduate/anadep/backend org.codehaus.plexus.classworlds.launcher.Launcher clean install

Host: AMD Ryzen 5 5600H with Radeon Graphics         , 12 cores, 5G,  Windows 11 , 64 bit Build 22621 (10.0.22621.3235)
Time: Mon Apr  1 22:14:38 2024 SE Asia Standard Time elapsed time: 17.169589 seconds (0d 0h 0m 17s)

---------------  T H R E A D  ---------------

Current thread (0x0000021b3bb300a0):  JavaThread "C2 CompilerThread0" daemon [_thread_in_native, id=24608, stack(0x000000e14f500000,0x000000e14f600000)]


Current CompileTask:
C2:  17170 10474       4       com.sun.tools.javac.code.Types::capture (556 bytes)

Stack: [0x000000e14f500000,0x000000e14f600000]
Native frames: (J=compiled Java code, j=interpreted, Vv=VM code, C=native code)
V  [jvm.dll+0x678a4a]
V  [jvm.dll+0x7d9cfd]
V  [jvm.dll+0x7db60e]
V  [jvm.dll+0x7dbc73]
V  [jvm.dll+0x245e1f]
V  [jvm.dll+0xaaafb]
V  [jvm.dll+0xab09c]
V  [jvm.dll+0x36232f]
V  [jvm.dll+0x32ca01]
V  [jvm.dll+0x32be9a]
V  [jvm.dll+0x21812f]
V  [jvm.dll+0x217561]
V  [jvm.dll+0x1a3bc0]
V  [jvm.dll+0x2272de]
V  [jvm.dll+0x22548b]
V  [jvm.dll+0x78f58c]
V  [jvm.dll+0x78998a]
V  [jvm.dll+0x677875]
C  [ucrtbase.dll+0x29363]
C  [KERNEL32.DLL+0x1257d]
C  [ntdll.dll+0x5aa58]


---------------  P R O C E S S  ---------------

Threads class SMR info:
_java_thread_list=0x0000021b7d08ff40, length=12, elements={
0x0000021b1e97f6a0, 0x0000021b3bb14e20, 0x0000021b3bb170b0, 0x0000021b3bb2b1b0,
0x0000021b3bb2bd70, 0x0000021b3bb2c930, 0x0000021b3bb2f300, 0x0000021b3bb300a0,
0x0000021b3bb3e070, 0x0000021b3bb40a80, 0x0000021b7d0bc6a0, 0x0000021b7d0c0ba0
}

Java Threads: ( => current thread )
  0x0000021b1e97f6a0 JavaThread "main" [_thread_in_Java, id=23784, stack(0x000000e14e800000,0x000000e14e900000)]
  0x0000021b3bb14e20 JavaThread "Reference Handler" daemon [_thread_blocked, id=19620, stack(0x000000e14ef00000,0x000000e14f000000)]
  0x0000021b3bb170b0 JavaThread "Finalizer" daemon [_thread_blocked, id=24252, stack(0x000000e14f000000,0x000000e14f100000)]
  0x0000021b3bb2b1b0 JavaThread "Signal Dispatcher" daemon [_thread_blocked, id=24900, stack(0x000000e14f100000,0x000000e14f200000)]
  0x0000021b3bb2bd70 JavaThread "Attach Listener" daemon [_thread_blocked, id=16716, stack(0x000000e14f200000,0x000000e14f300000)]
  0x0000021b3bb2c930 JavaThread "Service Thread" daemon [_thread_blocked, id=24936, stack(0x000000e14f300000,0x000000e14f400000)]
  0x0000021b3bb2f300 JavaThread "Monitor Deflation Thread" daemon [_thread_blocked, id=25088, stack(0x000000e14f400000,0x000000e14f500000)]
=>0x0000021b3bb300a0 JavaThread "C2 CompilerThread0" daemon [_thread_in_native, id=24608, stack(0x000000e14f500000,0x000000e14f600000)]
  0x0000021b3bb3e070 JavaThread "C1 CompilerThread0" daemon [_thread_blocked, id=25072, stack(0x000000e14f600000,0x000000e14f700000)]
  0x0000021b3bb40a80 JavaThread "Sweeper thread" daemon [_thread_blocked, id=25864, stack(0x000000e14f700000,0x000000e14f800000)]
  0x0000021b7d0bc6a0 JavaThread "Notification Thread" daemon [_thread_blocked, id=25728, stack(0x000000e14f800000,0x000000e14f900000)]
  0x0000021b7d0c0ba0 JavaThread "Common-Cleaner" daemon [_thread_blocked, id=12096, stack(0x000000e14fa00000,0x000000e14fb00000)]

Other Threads:
  0x0000021b3bb0f210 VMThread "VM Thread" [stack: 0x000000e14ee00000,0x000000e14ef00000] [id=11776]
  0x0000021b1e9e3470 WatcherThread [stack: 0x000000e14f900000,0x000000e14fa00000] [id=25700]
  0x0000021b1e9cbc70 GCTaskThread "GC Thread#0" [stack: 0x000000e14e900000,0x000000e14ea00000] [id=23880]
  0x0000021b7d9e58e0 GCTaskThread "GC Thread#1" [stack: 0x000000e14fb00000,0x000000e14fc00000] [id=11724]
  0x0000021b7d9e5080 GCTaskThread "GC Thread#2" [stack: 0x000000e14fc00000,0x000000e14fd00000] [id=14448]
  0x0000021b7d8caa20 GCTaskThread "GC Thread#3" [stack: 0x000000e14fd00000,0x000000e14fe00000] [id=19368]
  0x0000021b7db99880 GCTaskThread "GC Thread#4" [stack: 0x000000e14fe00000,0x000000e14ff00000] [id=23736]
  0x0000021b7db99b40 GCTaskThread "GC Thread#5" [stack: 0x000000e14ff00000,0x000000e150000000] [id=26012]
  0x0000021b7db99e00 GCTaskThread "GC Thread#6" [stack: 0x000000e150000000,0x000000e150100000] [id=24148]
  0x0000021b7db9a0c0 GCTaskThread "GC Thread#7" [stack: 0x000000e150100000,0x000000e150200000] [id=20064]
  0x0000021b7dbcd1d0 GCTaskThread "GC Thread#8" [stack: 0x000000e150200000,0x000000e150300000] [id=12276]
  0x0000021b7d9b6e70 GCTaskThread "GC Thread#9" [stack: 0x000000e150300000,0x000000e150400000] [id=23716]
  0x0000021b1e9d9ef0 ConcurrentGCThread "G1 Main Marker" [stack: 0x000000e14ea00000,0x000000e14eb00000] [id=9772]
  0x0000021b1e9db910 ConcurrentGCThread "G1 Conc#0" [stack: 0x000000e14eb00000,0x000000e14ec00000] [id=21580]
  0x0000021b7e37a930 ConcurrentGCThread "G1 Conc#1" [stack: 0x000000e150500000,0x000000e150600000] [id=9616]
  0x0000021b7e1abd30 ConcurrentGCThread "G1 Conc#2" [stack: 0x000000e150600000,0x000000e150700000] [id=25808]
  0x0000021b1ea48e30 ConcurrentGCThread "G1 Refine#0" [stack: 0x000000e14ec00000,0x000000e14ed00000] [id=26516]
  0x0000021b7ef5a010 ConcurrentGCThread "G1 Refine#1" [stack: 0x000000e150700000,0x000000e150800000] [id=9076]
  0x0000021b7d283280 ConcurrentGCThread "G1 Refine#2" [stack: 0x000000e150800000,0x000000e150900000] [id=8276]
  0x0000021b7f724390 ConcurrentGCThread "G1 Refine#3" [stack: 0x000000e150900000,0x000000e150a00000] [id=16688]
  0x0000021b1ea49860 ConcurrentGCThread "G1 Service" [stack: 0x000000e14ed00000,0x000000e14ee00000] [id=26600]

Threads with active compile tasks:
C2 CompilerThread0    17224 10474       4       com.sun.tools.javac.code.Types::capture (556 bytes)
C1 CompilerThread0    17224 11035       2       com.sun.tools.javac.comp.Infer$InferenceException::<init> (13 bytes)

VM state: not at safepoint (normal execution)

VM Mutex/Monitor currently owned by a thread: None

Heap address: 0x00000000a2400000, size: 1500 MB, Compressed Oops mode: 32-bit

CDS archive(s) mapped at: [0x0000021b3c000000-0x0000021b3cbd0000-0x0000021b3cbd0000), size 12386304, SharedBaseAddress: 0x0000021b3c000000, ArchiveRelocationMode: 1.
Compressed class space mapped at: 0x0000021b3d000000-0x0000021b7d000000, reserved size: 1073741824
Narrow klass base: 0x0000021b3c000000, Narrow klass shift: 0, Narrow klass range: 0x100000000

GC Precious Log:
 CPUs: 12 total, 12 available
 Memory: 5996M
 Large Page Support: Disabled
 NUMA Support: Disabled
 Compressed Oops: Enabled (32-bit)
 Heap Region Size: 1M
 Heap Min Capacity: 8M
 Heap Initial Capacity: 94M
 Heap Max Capacity: 1500M
 Pre-touch: Disabled
 Parallel Workers: 10
 Concurrent Workers: 3
 Concurrent Refinement Workers: 10
 Periodic GC: Disabled

Heap:
 garbage-first heap   total 227328K, used 94569K [0x00000000a2400000, 0x0000000100000000)
  region size 1024K, 20 young (20480K), 8 survivors (8192K)
 Metaspace       used 46002K, committed 46400K, reserved 1114112K
  class space    used 5263K, committed 5440K, reserved 1048576K

Heap Regions: E=young(eden), S=young(survivor), O=old, HS=humongous(starts), HC=humongous(continues), CS=collection set, F=free, OA=open archive, CA=closed archive, TAMS=top-at-mark-start (previous, next)
|   0|0x00000000a2400000, 0x00000000a2500000, 0x00000000a2500000|100%| O|  |TAMS 0x00000000a2500000, 0x00000000a2500000| Untracked 
|   1|0x00000000a2500000, 0x00000000a2600000, 0x00000000a2600000|100%| O|  |TAMS 0x00000000a2600000, 0x00000000a2600000| Untracked 
|   2|0x00000000a2600000, 0x00000000a2700000, 0x00000000a2700000|100%| O|  |TAMS 0x00000000a2700000, 0x00000000a2700000| Untracked 
|   3|0x00000000a2700000, 0x00000000a2800000, 0x00000000a2800000|100%| O|  |TAMS 0x00000000a2800000, 0x00000000a2800000| Untracked 
|   4|0x00000000a2800000, 0x00000000a2900000, 0x00000000a2900000|100%| O|  |TAMS 0x00000000a2900000, 0x00000000a2900000| Untracked 
|   5|0x00000000a2900000, 0x00000000a2a00000, 0x00000000a2a00000|100%| O|  |TAMS 0x00000000a2a00000, 0x00000000a2a00000| Untracked 
|   6|0x00000000a2a00000, 0x00000000a2b00000, 0x00000000a2b00000|100%| O|  |TAMS 0x00000000a2b00000, 0x00000000a2b00000| Untracked 
|   7|0x00000000a2b00000, 0x00000000a2c00000, 0x00000000a2c00000|100%| O|  |TAMS 0x00000000a2c00000, 0x00000000a2c00000| Untracked 
|   8|0x00000000a2c00000, 0x00000000a2d00000, 0x00000000a2d00000|100%| O|  |TAMS 0x00000000a2d00000, 0x00000000a2d00000| Untracked 
|   9|0x00000000a2d00000, 0x00000000a2e00000, 0x00000000a2e00000|100%| O|  |TAMS 0x00000000a2e00000, 0x00000000a2e00000| Untracked 
|  10|0x00000000a2e00000, 0x00000000a2f00000, 0x00000000a2f00000|100%| O|  |TAMS 0x00000000a2f00000, 0x00000000a2f00000| Untracked 
|  11|0x00000000a2f00000, 0x00000000a3000000, 0x00000000a3000000|100%| O|  |TAMS 0x00000000a3000000, 0x00000000a3000000| Untracked 
|  12|0x00000000a3000000, 0x00000000a3100000, 0x00000000a3100000|100%| O|  |TAMS 0x00000000a3100000, 0x00000000a3100000| Untracked 
|  13|0x00000000a3100000, 0x00000000a3200000, 0x00000000a3200000|100%| O|  |TAMS 0x00000000a3200000, 0x00000000a3200000| Untracked 
|  14|0x00000000a3200000, 0x00000000a3300000, 0x00000000a3300000|100%| O|  |TAMS 0x00000000a3200000, 0x00000000a3300000| Untracked 
|  15|0x00000000a3300000, 0x00000000a3400000, 0x00000000a3400000|100%| O|  |TAMS 0x00000000a3400000, 0x00000000a3400000| Untracked 
|  16|0x00000000a3400000, 0x00000000a3500000, 0x00000000a3500000|100%| O|  |TAMS 0x00000000a3500000, 0x00000000a3500000| Untracked 
|  17|0x00000000a3500000, 0x00000000a3600000, 0x00000000a3600000|100%| O|  |TAMS 0x00000000a3600000, 0x00000000a3600000| Untracked 
|  18|0x00000000a3600000, 0x00000000a3700000, 0x00000000a3700000|100%| O|  |TAMS 0x00000000a3700000, 0x00000000a3700000| Untracked 
|  19|0x00000000a3700000, 0x00000000a3800000, 0x00000000a3800000|100%| O|  |TAMS 0x00000000a3800000, 0x00000000a3800000| Untracked 
|  20|0x00000000a3800000, 0x00000000a3900000, 0x00000000a3900000|100%| O|  |TAMS 0x00000000a3900000, 0x00000000a3900000| Untracked 
|  21|0x00000000a3900000, 0x00000000a3a00000, 0x00000000a3a00000|100%| O|  |TAMS 0x00000000a3a00000, 0x00000000a3a00000| Untracked 
|  22|0x00000000a3a00000, 0x00000000a3b00000, 0x00000000a3b00000|100%| O|  |TAMS 0x00000000a3b00000, 0x00000000a3b00000| Untracked 
|  23|0x00000000a3b00000, 0x00000000a3c00000, 0x00000000a3c00000|100%| O|  |TAMS 0x00000000a3c00000, 0x00000000a3c00000| Untracked 
|  24|0x00000000a3c00000, 0x00000000a3d00000, 0x00000000a3d00000|100%| O|  |TAMS 0x00000000a3d00000, 0x00000000a3d00000| Untracked 
|  25|0x00000000a3d00000, 0x00000000a3e00000, 0x00000000a3e00000|100%| O|  |TAMS 0x00000000a3e00000, 0x00000000a3e00000| Untracked 
|  26|0x00000000a3e00000, 0x00000000a3f00000, 0x00000000a3f00000|100%| O|  |TAMS 0x00000000a3e00000, 0x00000000a3e00000| Untracked 
|  27|0x00000000a3f00000, 0x00000000a4000000, 0x00000000a4000000|100%|HS|  |TAMS 0x00000000a4000000, 0x00000000a4000000| Complete 
|  28|0x00000000a4000000, 0x00000000a4100000, 0x00000000a4100000|100%| O|  |TAMS 0x00000000a4100000, 0x00000000a4100000| Untracked 
|  29|0x00000000a4100000, 0x00000000a4200000, 0x00000000a4200000|100%|HS|  |TAMS 0x00000000a4200000, 0x00000000a4200000| Complete 
|  30|0x00000000a4200000, 0x00000000a4300000, 0x00000000a4300000|100%|HC|  |TAMS 0x00000000a4300000, 0x00000000a4300000| Complete 
|  31|0x00000000a4300000, 0x00000000a4400000, 0x00000000a4400000|100%| O|  |TAMS 0x00000000a4400000, 0x00000000a4400000| Untracked 
|  32|0x00000000a4400000, 0x00000000a4500000, 0x00000000a4500000|100%| O|  |TAMS 0x00000000a4500000, 0x00000000a4500000| Untracked 
|  33|0x00000000a4500000, 0x00000000a4600000, 0x00000000a4600000|100%| O|  |TAMS 0x00000000a4600000, 0x00000000a4600000| Untracked 
|  34|0x00000000a4600000, 0x00000000a4700000, 0x00000000a4700000|100%| O|  |TAMS 0x00000000a4700000, 0x00000000a4700000| Untracked 
|  35|0x00000000a4700000, 0x00000000a4800000, 0x00000000a4800000|100%| O|  |TAMS 0x00000000a4800000, 0x00000000a4800000| Untracked 
|  36|0x00000000a4800000, 0x00000000a4900000, 0x00000000a4900000|100%| O|  |TAMS 0x00000000a4900000, 0x00000000a4900000| Untracked 
|  37|0x00000000a4900000, 0x00000000a4a00000, 0x00000000a4a00000|100%| O|  |TAMS 0x00000000a4a00000, 0x00000000a4a00000| Untracked 
|  38|0x00000000a4a00000, 0x00000000a4b00000, 0x00000000a4b00000|100%| O|  |TAMS 0x00000000a4b00000, 0x00000000a4b00000| Untracked 
|  39|0x00000000a4b00000, 0x00000000a4c00000, 0x00000000a4c00000|100%| O|  |TAMS 0x00000000a4c00000, 0x00000000a4c00000| Untracked 
|  40|0x00000000a4c00000, 0x00000000a4d00000, 0x00000000a4d00000|100%| O|  |TAMS 0x00000000a4d00000, 0x00000000a4d00000| Untracked 
|  41|0x00000000a4d00000, 0x00000000a4e00000, 0x00000000a4e00000|100%|HS|  |TAMS 0x00000000a4e00000, 0x00000000a4e00000| Complete 
|  42|0x00000000a4e00000, 0x00000000a4f00000, 0x00000000a4f00000|100%| O|  |TAMS 0x00000000a4f00000, 0x00000000a4f00000| Untracked 
|  43|0x00000000a4f00000, 0x00000000a5000000, 0x00000000a5000000|100%| O|  |TAMS 0x00000000a5000000, 0x00000000a5000000| Untracked 
|  44|0x00000000a5000000, 0x00000000a5100000, 0x00000000a5100000|100%| O|  |TAMS 0x00000000a5100000, 0x00000000a5100000| Untracked 
|  45|0x00000000a5100000, 0x00000000a5200000, 0x00000000a5200000|100%| O|  |TAMS 0x00000000a5200000, 0x00000000a5200000| Untracked 
|  46|0x00000000a5200000, 0x00000000a5300000, 0x00000000a5300000|100%| O|  |TAMS 0x00000000a5300000, 0x00000000a5300000| Untracked 
|  47|0x00000000a5300000, 0x00000000a5400000, 0x00000000a5400000|100%| O|  |TAMS 0x00000000a5400000, 0x00000000a5400000| Untracked 
|  48|0x00000000a5400000, 0x00000000a5500000, 0x00000000a5500000|100%| O|  |TAMS 0x00000000a5500000, 0x00000000a5500000| Untracked 
|  49|0x00000000a5500000, 0x00000000a5600000, 0x00000000a5600000|100%| O|  |TAMS 0x00000000a5600000, 0x00000000a5600000| Untracked 
|  50|0x00000000a5600000, 0x00000000a5700000, 0x00000000a5700000|100%| O|  |TAMS 0x00000000a5700000, 0x00000000a5700000| Untracked 
|  51|0x00000000a5700000, 0x00000000a5800000, 0x00000000a5800000|100%| O|  |TAMS 0x00000000a5800000, 0x00000000a5800000| Untracked 
|  52|0x00000000a5800000, 0x00000000a5900000, 0x00000000a5900000|100%| O|  |TAMS 0x00000000a5880000, 0x00000000a5900000| Untracked 
|  53|0x00000000a5900000, 0x00000000a5a00000, 0x00000000a5a00000|100%| O|  |TAMS 0x00000000a5900000, 0x00000000a5a00000| Untracked 
|  54|0x00000000a5a00000, 0x00000000a5b00000, 0x00000000a5b00000|100%| O|  |TAMS 0x00000000a5a00000, 0x00000000a5a00000| Untracked 
|  55|0x00000000a5b00000, 0x00000000a5c00000, 0x00000000a5c00000|100%| O|  |TAMS 0x00000000a5b00000, 0x00000000a5c00000| Untracked 
|  56|0x00000000a5c00000, 0x00000000a5d00000, 0x00000000a5d00000|100%| O|  |TAMS 0x00000000a5c00000, 0x00000000a5d00000| Untracked 
|  57|0x00000000a5d00000, 0x00000000a5e00000, 0x00000000a5e00000|100%| O|  |TAMS 0x00000000a5d00000, 0x00000000a5e00000| Untracked 
|  58|0x00000000a5e00000, 0x00000000a5f00000, 0x00000000a5f00000|100%| O|  |TAMS 0x00000000a5e00000, 0x00000000a5f00000| Untracked 
|  59|0x00000000a5f00000, 0x00000000a6000000, 0x00000000a6000000|100%| O|  |TAMS 0x00000000a5f00000, 0x00000000a6000000| Untracked 
|  60|0x00000000a6000000, 0x00000000a6100000, 0x00000000a6100000|100%| O|  |TAMS 0x00000000a6000000, 0x00000000a607a400| Untracked 
|  61|0x00000000a6100000, 0x00000000a6200000, 0x00000000a6200000|100%|HS|  |TAMS 0x00000000a6100000, 0x00000000a6100000| Complete 
|  62|0x00000000a6200000, 0x00000000a6300000, 0x00000000a6300000|100%|HC|  |TAMS 0x00000000a6200000, 0x00000000a6200000| Complete 
|  63|0x00000000a6300000, 0x00000000a6400000, 0x00000000a6400000|100%| O|  |TAMS 0x00000000a6300000, 0x00000000a6300000| Untracked 
|  64|0x00000000a6400000, 0x00000000a6500000, 0x00000000a6500000|100%| O|  |TAMS 0x00000000a6400000, 0x00000000a6400000| Untracked 
|  65|0x00000000a6500000, 0x00000000a6600000, 0x00000000a6600000|100%| O|  |TAMS 0x00000000a6500000, 0x00000000a6500000| Untracked 
|  66|0x00000000a6600000, 0x00000000a6700000, 0x00000000a6700000|100%| O|  |TAMS 0x00000000a6600000, 0x00000000a6600000| Untracked 
|  67|0x00000000a6700000, 0x00000000a6800000, 0x00000000a6800000|100%| O|  |TAMS 0x00000000a6700000, 0x00000000a6700000| Untracked 
|  68|0x00000000a6800000, 0x00000000a6900000, 0x00000000a6900000|100%| O|  |TAMS 0x00000000a6800000, 0x00000000a6800000| Untracked 
|  69|0x00000000a6900000, 0x00000000a6a00000, 0x00000000a6a00000|100%| O|  |TAMS 0x00000000a6900000, 0x00000000a6900000| Untracked 
|  70|0x00000000a6a00000, 0x00000000a6ad7000, 0x00000000a6b00000| 83%| O|  |TAMS 0x00000000a6a00000, 0x00000000a6a00000| Untracked 
|  71|0x00000000a6b00000, 0x00000000a6c00000, 0x00000000a6c00000|100%|HS|  |TAMS 0x00000000a6b00000, 0x00000000a6b00000| Complete 
|  72|0x00000000a6c00000, 0x00000000a6d00000, 0x00000000a6d00000|100%|HC|  |TAMS 0x00000000a6c00000, 0x00000000a6c00000| Complete 
|  73|0x00000000a6d00000, 0x00000000a6e00000, 0x00000000a6e00000|100%|HC|  |TAMS 0x00000000a6d00000, 0x00000000a6d00000| Complete 
|  74|0x00000000a6e00000, 0x00000000a6e00000, 0x00000000a6f00000|  0%| F|  |TAMS 0x00000000a6e00000, 0x00000000a6e00000| Untracked 
|  75|0x00000000a6f00000, 0x00000000a6f00000, 0x00000000a7000000|  0%| F|  |TAMS 0x00000000a6f00000, 0x00000000a6f00000| Untracked 
|  76|0x00000000a7000000, 0x00000000a7000000, 0x00000000a7100000|  0%| F|  |TAMS 0x00000000a7000000, 0x00000000a7000000| Untracked 
|  77|0x00000000a7100000, 0x00000000a7100000, 0x00000000a7200000|  0%| F|  |TAMS 0x00000000a7100000, 0x00000000a7100000| Untracked 
|  78|0x00000000a7200000, 0x00000000a7200000, 0x00000000a7300000|  0%| F|  |TAMS 0x00000000a7200000, 0x00000000a7200000| Untracked 
|  79|0x00000000a7300000, 0x00000000a7300000, 0x00000000a7400000|  0%| F|  |TAMS 0x00000000a7300000, 0x00000000a7300000| Untracked 
|  80|0x00000000a7400000, 0x00000000a7400000, 0x00000000a7500000|  0%| F|  |TAMS 0x00000000a7400000, 0x00000000a7400000| Untracked 
|  81|0x00000000a7500000, 0x00000000a7500000, 0x00000000a7600000|  0%| F|  |TAMS 0x00000000a7500000, 0x00000000a7500000| Untracked 
|  82|0x00000000a7600000, 0x00000000a7600000, 0x00000000a7700000|  0%| F|  |TAMS 0x00000000a7600000, 0x00000000a7600000| Untracked 
|  83|0x00000000a7700000, 0x00000000a7700000, 0x00000000a7800000|  0%| F|  |TAMS 0x00000000a7700000, 0x00000000a7700000| Untracked 
|  84|0x00000000a7800000, 0x00000000a7800000, 0x00000000a7900000|  0%| F|  |TAMS 0x00000000a7800000, 0x00000000a7800000| Untracked 
|  85|0x00000000a7900000, 0x00000000a7900000, 0x00000000a7a00000|  0%| F|  |TAMS 0x00000000a7900000, 0x00000000a7900000| Untracked 
|  86|0x00000000a7a00000, 0x00000000a7a00000, 0x00000000a7b00000|  0%| F|  |TAMS 0x00000000a7a00000, 0x00000000a7a00000| Untracked 
|  87|0x00000000a7b00000, 0x00000000a7b00000, 0x00000000a7c00000|  0%| F|  |TAMS 0x00000000a7b00000, 0x00000000a7b00000| Untracked 
|  88|0x00000000a7c00000, 0x00000000a7c00000, 0x00000000a7d00000|  0%| F|  |TAMS 0x00000000a7c00000, 0x00000000a7c00000| Untracked 
|  89|0x00000000a7d00000, 0x00000000a7d00000, 0x00000000a7e00000|  0%| F|  |TAMS 0x00000000a7d00000, 0x00000000a7d00000| Untracked 
|  90|0x00000000a7e00000, 0x00000000a7e00000, 0x00000000a7f00000|  0%| F|  |TAMS 0x00000000a7e00000, 0x00000000a7e00000| Untracked 
|  91|0x00000000a7f00000, 0x00000000a7f00000, 0x00000000a8000000|  0%| F|  |TAMS 0x00000000a7f00000, 0x00000000a7f00000| Untracked 
|  92|0x00000000a8000000, 0x00000000a8000000, 0x00000000a8100000|  0%| F|  |TAMS 0x00000000a8000000, 0x00000000a8000000| Untracked 
|  93|0x00000000a8100000, 0x00000000a8100000, 0x00000000a8200000|  0%| F|  |TAMS 0x00000000a8100000, 0x00000000a8100000| Untracked 
|  94|0x00000000a8200000, 0x00000000a8200000, 0x00000000a8300000|  0%| F|  |TAMS 0x00000000a8200000, 0x00000000a8200000| Untracked 
|  95|0x00000000a8300000, 0x00000000a8300000, 0x00000000a8400000|  0%| F|  |TAMS 0x00000000a8300000, 0x00000000a8300000| Untracked 
|  96|0x00000000a8400000, 0x00000000a8400000, 0x00000000a8500000|  0%| F|  |TAMS 0x00000000a8400000, 0x00000000a8400000| Untracked 
|  97|0x00000000a8500000, 0x00000000a8500000, 0x00000000a8600000|  0%| F|  |TAMS 0x00000000a8500000, 0x00000000a8500000| Untracked 
|  98|0x00000000a8600000, 0x00000000a8600000, 0x00000000a8700000|  0%| F|  |TAMS 0x00000000a8600000, 0x00000000a8600000| Untracked 
|  99|0x00000000a8700000, 0x00000000a8700000, 0x00000000a8800000|  0%| F|  |TAMS 0x00000000a8700000, 0x00000000a8700000| Untracked 
| 100|0x00000000a8800000, 0x00000000a8800000, 0x00000000a8900000|  0%| F|  |TAMS 0x00000000a8800000, 0x00000000a8800000| Untracked 
| 101|0x00000000a8900000, 0x00000000a8900000, 0x00000000a8a00000|  0%| F|  |TAMS 0x00000000a8900000, 0x00000000a8900000| Untracked 
| 102|0x00000000a8a00000, 0x00000000a8a00000, 0x00000000a8b00000|  0%| F|  |TAMS 0x00000000a8a00000, 0x00000000a8a00000| Untracked 
| 103|0x00000000a8b00000, 0x00000000a8b00000, 0x00000000a8c00000|  0%| F|  |TAMS 0x00000000a8b00000, 0x00000000a8b00000| Untracked 
| 104|0x00000000a8c00000, 0x00000000a8c00000, 0x00000000a8d00000|  0%| F|  |TAMS 0x00000000a8c00000, 0x00000000a8c00000| Untracked 
| 105|0x00000000a8d00000, 0x00000000a8d00000, 0x00000000a8e00000|  0%| F|  |TAMS 0x00000000a8d00000, 0x00000000a8d00000| Untracked 
| 106|0x00000000a8e00000, 0x00000000a8e00000, 0x00000000a8f00000|  0%| F|  |TAMS 0x00000000a8e00000, 0x00000000a8e00000| Untracked 
| 107|0x00000000a8f00000, 0x00000000a8f00000, 0x00000000a9000000|  0%| F|  |TAMS 0x00000000a8f00000, 0x00000000a8f00000| Untracked 
| 108|0x00000000a9000000, 0x00000000a9000000, 0x00000000a9100000|  0%| F|  |TAMS 0x00000000a9000000, 0x00000000a9000000| Untracked 
| 109|0x00000000a9100000, 0x00000000a9183520, 0x00000000a9200000| 51%| S|CS|TAMS 0x00000000a9100000, 0x00000000a9100000| Complete 
| 110|0x00000000a9200000, 0x00000000a9300000, 0x00000000a9300000|100%| S|CS|TAMS 0x00000000a9200000, 0x00000000a9200000| Complete 
| 111|0x00000000a9300000, 0x00000000a9400000, 0x00000000a9400000|100%| S|CS|TAMS 0x00000000a9300000, 0x00000000a9300000| Complete 
| 112|0x00000000a9400000, 0x00000000a9500000, 0x00000000a9500000|100%| S|CS|TAMS 0x00000000a9400000, 0x00000000a9400000| Complete 
| 113|0x00000000a9500000, 0x00000000a9600000, 0x00000000a9600000|100%| S|CS|TAMS 0x00000000a9500000, 0x00000000a9500000| Complete 
| 114|0x00000000a9600000, 0x00000000a9700000, 0x00000000a9700000|100%| S|CS|TAMS 0x00000000a9600000, 0x00000000a9600000| Complete 
| 115|0x00000000a9700000, 0x00000000a9800000, 0x00000000a9800000|100%| S|CS|TAMS 0x00000000a9700000, 0x00000000a9700000| Complete 
| 116|0x00000000a9800000, 0x00000000a9900000, 0x00000000a9900000|100%| S|CS|TAMS 0x00000000a9800000, 0x00000000a9800000| Complete 
| 117|0x00000000a9900000, 0x00000000a9900000, 0x00000000a9a00000|  0%| F|  |TAMS 0x00000000a9900000, 0x00000000a9900000| Untracked 
| 118|0x00000000a9a00000, 0x00000000a9a00000, 0x00000000a9b00000|  0%| F|  |TAMS 0x00000000a9a00000, 0x00000000a9a00000| Untracked 
| 119|0x00000000a9b00000, 0x00000000a9b00000, 0x00000000a9c00000|  0%| F|  |TAMS 0x00000000a9b00000, 0x00000000a9b00000| Untracked 
| 120|0x00000000a9c00000, 0x00000000a9c00000, 0x00000000a9d00000|  0%| F|  |TAMS 0x00000000a9c00000, 0x00000000a9c00000| Untracked 
| 121|0x00000000a9d00000, 0x00000000a9d00000, 0x00000000a9e00000|  0%| F|  |TAMS 0x00000000a9d00000, 0x00000000a9d00000| Untracked 
| 122|0x00000000a9e00000, 0x00000000a9e00000, 0x00000000a9f00000|  0%| F|  |TAMS 0x00000000a9e00000, 0x00000000a9e00000| Untracked 
| 123|0x00000000a9f00000, 0x00000000a9f00000, 0x00000000aa000000|  0%| F|  |TAMS 0x00000000a9f00000, 0x00000000a9f00000| Untracked 
| 124|0x00000000aa000000, 0x00000000aa000000, 0x00000000aa100000|  0%| F|  |TAMS 0x00000000aa000000, 0x00000000aa000000| Untracked 
| 125|0x00000000aa100000, 0x00000000aa100000, 0x00000000aa200000|  0%| F|  |TAMS 0x00000000aa100000, 0x00000000aa100000| Untracked 
| 126|0x00000000aa200000, 0x00000000aa200000, 0x00000000aa300000|  0%| F|  |TAMS 0x00000000aa200000, 0x00000000aa200000| Untracked 
| 127|0x00000000aa300000, 0x00000000aa300000, 0x00000000aa400000|  0%| F|  |TAMS 0x00000000aa300000, 0x00000000aa300000| Untracked 
| 128|0x00000000aa400000, 0x00000000aa400000, 0x00000000aa500000|  0%| F|  |TAMS 0x00000000aa400000, 0x00000000aa400000| Untracked 
| 129|0x00000000aa500000, 0x00000000aa500000, 0x00000000aa600000|  0%| F|  |TAMS 0x00000000aa500000, 0x00000000aa500000| Untracked 
| 130|0x00000000aa600000, 0x00000000aa600000, 0x00000000aa700000|  0%| F|  |TAMS 0x00000000aa600000, 0x00000000aa600000| Untracked 
| 131|0x00000000aa700000, 0x00000000aa700000, 0x00000000aa800000|  0%| F|  |TAMS 0x00000000aa700000, 0x00000000aa700000| Untracked 
| 132|0x00000000aa800000, 0x00000000aa800000, 0x00000000aa900000|  0%| F|  |TAMS 0x00000000aa800000, 0x00000000aa800000| Untracked 
| 133|0x00000000aa900000, 0x00000000aa900000, 0x00000000aaa00000|  0%| F|  |TAMS 0x00000000aa900000, 0x00000000aa900000| Untracked 
| 134|0x00000000aaa00000, 0x00000000aaa00000, 0x00000000aab00000|  0%| F|  |TAMS 0x00000000aaa00000, 0x00000000aaa00000| Untracked 
| 135|0x00000000aab00000, 0x00000000aab00000, 0x00000000aac00000|  0%| F|  |TAMS 0x00000000aab00000, 0x00000000aab00000| Untracked 
| 136|0x00000000aac00000, 0x00000000aac00000, 0x00000000aad00000|  0%| F|  |TAMS 0x00000000aac00000, 0x00000000aac00000| Untracked 
| 137|0x00000000aad00000, 0x00000000aad00000, 0x00000000aae00000|  0%| F|  |TAMS 0x00000000aad00000, 0x00000000aad00000| Untracked 
| 138|0x00000000aae00000, 0x00000000aae00000, 0x00000000aaf00000|  0%| F|  |TAMS 0x00000000aae00000, 0x00000000aae00000| Untracked 
| 139|0x00000000aaf00000, 0x00000000aaf00000, 0x00000000ab000000|  0%| F|  |TAMS 0x00000000aaf00000, 0x00000000aaf00000| Untracked 
| 140|0x00000000ab000000, 0x00000000ab000000, 0x00000000ab100000|  0%| F|  |TAMS 0x00000000ab000000, 0x00000000ab000000| Untracked 
| 141|0x00000000ab100000, 0x00000000ab100000, 0x00000000ab200000|  0%| F|  |TAMS 0x00000000ab100000, 0x00000000ab100000| Untracked 
| 142|0x00000000ab200000, 0x00000000ab200000, 0x00000000ab300000|  0%| F|  |TAMS 0x00000000ab200000, 0x00000000ab200000| Untracked 
| 143|0x00000000ab300000, 0x00000000ab300000, 0x00000000ab400000|  0%| F|  |TAMS 0x00000000ab300000, 0x00000000ab300000| Untracked 
| 144|0x00000000ab400000, 0x00000000ab400000, 0x00000000ab500000|  0%| F|  |TAMS 0x00000000ab400000, 0x00000000ab400000| Untracked 
| 145|0x00000000ab500000, 0x00000000ab500000, 0x00000000ab600000|  0%| F|  |TAMS 0x00000000ab500000, 0x00000000ab500000| Untracked 
| 146|0x00000000ab600000, 0x00000000ab600000, 0x00000000ab700000|  0%| F|  |TAMS 0x00000000ab600000, 0x00000000ab600000| Untracked 
| 147|0x00000000ab700000, 0x00000000ab700000, 0x00000000ab800000|  0%| F|  |TAMS 0x00000000ab700000, 0x00000000ab700000| Untracked 
| 148|0x00000000ab800000, 0x00000000ab800000, 0x00000000ab900000|  0%| F|  |TAMS 0x00000000ab800000, 0x00000000ab800000| Untracked 
| 149|0x00000000ab900000, 0x00000000ab900000, 0x00000000aba00000|  0%| F|  |TAMS 0x00000000ab900000, 0x00000000ab900000| Untracked 
| 150|0x00000000aba00000, 0x00000000aba00000, 0x00000000abb00000|  0%| F|  |TAMS 0x00000000aba00000, 0x00000000aba00000| Untracked 
| 151|0x00000000abb00000, 0x00000000abb00000, 0x00000000abc00000|  0%| F|  |TAMS 0x00000000abb00000, 0x00000000abb00000| Untracked 
| 152|0x00000000abc00000, 0x00000000abc00000, 0x00000000abd00000|  0%| F|  |TAMS 0x00000000abc00000, 0x00000000abc00000| Untracked 
| 153|0x00000000abd00000, 0x00000000abd00000, 0x00000000abe00000|  0%| F|  |TAMS 0x00000000abd00000, 0x00000000abd00000| Untracked 
| 154|0x00000000abe00000, 0x00000000abe00000, 0x00000000abf00000|  0%| F|  |TAMS 0x00000000abe00000, 0x00000000abe00000| Untracked 
| 155|0x00000000abf00000, 0x00000000abf00000, 0x00000000ac000000|  0%| F|  |TAMS 0x00000000abf00000, 0x00000000abf00000| Untracked 
| 156|0x00000000ac000000, 0x00000000ac000000, 0x00000000ac100000|  0%| F|  |TAMS 0x00000000ac000000, 0x00000000ac000000| Untracked 
| 157|0x00000000ac100000, 0x00000000ac100000, 0x00000000ac200000|  0%| F|  |TAMS 0x00000000ac100000, 0x00000000ac100000| Untracked 
| 158|0x00000000ac200000, 0x00000000ac200000, 0x00000000ac300000|  0%| F|  |TAMS 0x00000000ac200000, 0x00000000ac200000| Untracked 
| 159|0x00000000ac300000, 0x00000000ac300000, 0x00000000ac400000|  0%| F|  |TAMS 0x00000000ac300000, 0x00000000ac300000| Untracked 
| 160|0x00000000ac400000, 0x00000000ac400000, 0x00000000ac500000|  0%| F|  |TAMS 0x00000000ac400000, 0x00000000ac400000| Untracked 
| 161|0x00000000ac500000, 0x00000000ac500000, 0x00000000ac600000|  0%| F|  |TAMS 0x00000000ac500000, 0x00000000ac500000| Untracked 
| 162|0x00000000ac600000, 0x00000000ac600000, 0x00000000ac700000|  0%| F|  |TAMS 0x00000000ac600000, 0x00000000ac600000| Untracked 
| 163|0x00000000ac700000, 0x00000000ac700000, 0x00000000ac800000|  0%| F|  |TAMS 0x00000000ac700000, 0x00000000ac700000| Untracked 
| 164|0x00000000ac800000, 0x00000000ac800000, 0x00000000ac900000|  0%| F|  |TAMS 0x00000000ac800000, 0x00000000ac800000| Untracked 
| 165|0x00000000ac900000, 0x00000000ac900000, 0x00000000aca00000|  0%| F|  |TAMS 0x00000000ac900000, 0x00000000ac900000| Untracked 
| 166|0x00000000aca00000, 0x00000000aca00000, 0x00000000acb00000|  0%| F|  |TAMS 0x00000000aca00000, 0x00000000aca00000| Untracked 
| 167|0x00000000acb00000, 0x00000000acb00000, 0x00000000acc00000|  0%| F|  |TAMS 0x00000000acb00000, 0x00000000acb00000| Untracked 
| 168|0x00000000acc00000, 0x00000000acc00000, 0x00000000acd00000|  0%| F|  |TAMS 0x00000000acc00000, 0x00000000acc00000| Untracked 
| 169|0x00000000acd00000, 0x00000000acd00000, 0x00000000ace00000|  0%| F|  |TAMS 0x00000000acd00000, 0x00000000acd00000| Untracked 
| 170|0x00000000ace00000, 0x00000000ace00000, 0x00000000acf00000|  0%| F|  |TAMS 0x00000000ace00000, 0x00000000ace00000| Untracked 
| 171|0x00000000acf00000, 0x00000000acf00000, 0x00000000ad000000|  0%| F|  |TAMS 0x00000000acf00000, 0x00000000acf00000| Untracked 
| 172|0x00000000ad000000, 0x00000000ad000000, 0x00000000ad100000|  0%| F|  |TAMS 0x00000000ad000000, 0x00000000ad000000| Untracked 
| 173|0x00000000ad100000, 0x00000000ad100000, 0x00000000ad200000|  0%| F|  |TAMS 0x00000000ad100000, 0x00000000ad100000| Untracked 
| 174|0x00000000ad200000, 0x00000000ad200000, 0x00000000ad300000|  0%| F|  |TAMS 0x00000000ad200000, 0x00000000ad200000| Untracked 
| 175|0x00000000ad300000, 0x00000000ad300000, 0x00000000ad400000|  0%| F|  |TAMS 0x00000000ad300000, 0x00000000ad300000| Untracked 
| 176|0x00000000ad400000, 0x00000000ad400000, 0x00000000ad500000|  0%| F|  |TAMS 0x00000000ad400000, 0x00000000ad400000| Untracked 
| 177|0x00000000ad500000, 0x00000000ad500000, 0x00000000ad600000|  0%| F|  |TAMS 0x00000000ad500000, 0x00000000ad500000| Untracked 
| 178|0x00000000ad600000, 0x00000000ad600000, 0x00000000ad700000|  0%| F|  |TAMS 0x00000000ad600000, 0x00000000ad600000| Untracked 
| 179|0x00000000ad700000, 0x00000000ad700000, 0x00000000ad800000|  0%| F|  |TAMS 0x00000000ad700000, 0x00000000ad700000| Untracked 
| 180|0x00000000ad800000, 0x00000000ad800000, 0x00000000ad900000|  0%| F|  |TAMS 0x00000000ad800000, 0x00000000ad800000| Untracked 
| 181|0x00000000ad900000, 0x00000000ad900000, 0x00000000ada00000|  0%| F|  |TAMS 0x00000000ad900000, 0x00000000ad900000| Untracked 
| 182|0x00000000ada00000, 0x00000000ada00000, 0x00000000adb00000|  0%| F|  |TAMS 0x00000000ada00000, 0x00000000ada00000| Untracked 
| 183|0x00000000adb00000, 0x00000000adb00000, 0x00000000adc00000|  0%| F|  |TAMS 0x00000000adb00000, 0x00000000adb00000| Untracked 
| 184|0x00000000adc00000, 0x00000000adc00000, 0x00000000add00000|  0%| F|  |TAMS 0x00000000adc00000, 0x00000000adc00000| Untracked 
| 185|0x00000000add00000, 0x00000000add00000, 0x00000000ade00000|  0%| F|  |TAMS 0x00000000add00000, 0x00000000add00000| Untracked 
| 186|0x00000000ade00000, 0x00000000ade00000, 0x00000000adf00000|  0%| F|  |TAMS 0x00000000ade00000, 0x00000000ade00000| Untracked 
| 187|0x00000000adf00000, 0x00000000adf00000, 0x00000000ae000000|  0%| F|  |TAMS 0x00000000adf00000, 0x00000000adf00000| Untracked 
| 188|0x00000000ae000000, 0x00000000ae000000, 0x00000000ae100000|  0%| F|  |TAMS 0x00000000ae000000, 0x00000000ae000000| Untracked 
| 189|0x00000000ae100000, 0x00000000ae100000, 0x00000000ae200000|  0%| F|  |TAMS 0x00000000ae100000, 0x00000000ae100000| Untracked 
| 190|0x00000000ae200000, 0x00000000ae200000, 0x00000000ae300000|  0%| F|  |TAMS 0x00000000ae200000, 0x00000000ae200000| Untracked 
| 191|0x00000000ae300000, 0x00000000ae300000, 0x00000000ae400000|  0%| F|  |TAMS 0x00000000ae300000, 0x00000000ae300000| Untracked 
| 192|0x00000000ae400000, 0x00000000ae400000, 0x00000000ae500000|  0%| F|  |TAMS 0x00000000ae400000, 0x00000000ae400000| Untracked 
| 193|0x00000000ae500000, 0x00000000ae500000, 0x00000000ae600000|  0%| F|  |TAMS 0x00000000ae500000, 0x00000000ae500000| Untracked 
| 194|0x00000000ae600000, 0x00000000ae600000, 0x00000000ae700000|  0%| F|  |TAMS 0x00000000ae600000, 0x00000000ae600000| Untracked 
| 195|0x00000000ae700000, 0x00000000ae700000, 0x00000000ae800000|  0%| F|  |TAMS 0x00000000ae700000, 0x00000000ae700000| Untracked 
| 196|0x00000000ae800000, 0x00000000ae800000, 0x00000000ae900000|  0%| F|  |TAMS 0x00000000ae800000, 0x00000000ae800000| Untracked 
| 197|0x00000000ae900000, 0x00000000ae900000, 0x00000000aea00000|  0%| F|  |TAMS 0x00000000ae900000, 0x00000000ae900000| Untracked 
| 198|0x00000000aea00000, 0x00000000aea00000, 0x00000000aeb00000|  0%| F|  |TAMS 0x00000000aea00000, 0x00000000aea00000| Untracked 
| 199|0x00000000aeb00000, 0x00000000aeb00000, 0x00000000aec00000|  0%| F|  |TAMS 0x00000000aeb00000, 0x00000000aeb00000| Untracked 
| 200|0x00000000aec00000, 0x00000000aec00000, 0x00000000aed00000|  0%| F|  |TAMS 0x00000000aec00000, 0x00000000aec00000| Untracked 
| 201|0x00000000aed00000, 0x00000000aed00000, 0x00000000aee00000|  0%| F|  |TAMS 0x00000000aed00000, 0x00000000aed00000| Untracked 
| 202|0x00000000aee00000, 0x00000000aee00000, 0x00000000aef00000|  0%| F|  |TAMS 0x00000000aee00000, 0x00000000aee00000| Untracked 
| 203|0x00000000aef00000, 0x00000000aef00000, 0x00000000af000000|  0%| F|  |TAMS 0x00000000aef00000, 0x00000000aef00000| Untracked 
| 204|0x00000000af000000, 0x00000000af000000, 0x00000000af100000|  0%| F|  |TAMS 0x00000000af000000, 0x00000000af000000| Untracked 
| 205|0x00000000af100000, 0x00000000af100000, 0x00000000af200000|  0%| F|  |TAMS 0x00000000af100000, 0x00000000af100000| Untracked 
| 206|0x00000000af200000, 0x00000000af200000, 0x00000000af300000|  0%| F|  |TAMS 0x00000000af200000, 0x00000000af200000| Untracked 
| 207|0x00000000af300000, 0x00000000af300000, 0x00000000af400000|  0%| F|  |TAMS 0x00000000af300000, 0x00000000af300000| Untracked 
| 208|0x00000000af400000, 0x00000000af400000, 0x00000000af500000|  0%| F|  |TAMS 0x00000000af400000, 0x00000000af400000| Untracked 
| 209|0x00000000af500000, 0x00000000af500000, 0x00000000af600000|  0%| F|  |TAMS 0x00000000af500000, 0x00000000af500000| Untracked 
| 210|0x00000000af600000, 0x00000000af680800, 0x00000000af700000| 50%| E|  |TAMS 0x00000000af600000, 0x00000000af600000| Complete 
| 211|0x00000000af700000, 0x00000000af800000, 0x00000000af800000|100%| E|CS|TAMS 0x00000000af700000, 0x00000000af700000| Complete 
| 212|0x00000000af800000, 0x00000000af900000, 0x00000000af900000|100%| E|CS|TAMS 0x00000000af800000, 0x00000000af800000| Complete 
| 213|0x00000000af900000, 0x00000000afa00000, 0x00000000afa00000|100%| E|CS|TAMS 0x00000000af900000, 0x00000000af900000| Complete 
| 214|0x00000000afa00000, 0x00000000afb00000, 0x00000000afb00000|100%| E|CS|TAMS 0x00000000afa00000, 0x00000000afa00000| Complete 
| 215|0x00000000afb00000, 0x00000000afc00000, 0x00000000afc00000|100%| E|CS|TAMS 0x00000000afb00000, 0x00000000afb00000| Complete 
| 216|0x00000000afc00000, 0x00000000afd00000, 0x00000000afd00000|100%| E|CS|TAMS 0x00000000afc00000, 0x00000000afc00000| Complete 
| 217|0x00000000afd00000, 0x00000000afe00000, 0x00000000afe00000|100%| E|CS|TAMS 0x00000000afd00000, 0x00000000afd00000| Complete 
| 218|0x00000000afe00000, 0x00000000aff00000, 0x00000000aff00000|100%| E|CS|TAMS 0x00000000afe00000, 0x00000000afe00000| Complete 
| 219|0x00000000aff00000, 0x00000000b0000000, 0x00000000b0000000|100%| E|CS|TAMS 0x00000000aff00000, 0x00000000aff00000| Complete 
| 220|0x00000000b0000000, 0x00000000b0100000, 0x00000000b0100000|100%| E|CS|TAMS 0x00000000b0000000, 0x00000000b0000000| Complete 
| 221|0x00000000b0100000, 0x00000000b0200000, 0x00000000b0200000|100%| E|CS|TAMS 0x00000000b0100000, 0x00000000b0100000| Complete 

Card table byte_map: [0x0000021b35a60000,0x0000021b35d50000] _byte_map_base: 0x0000021b3554e000

Marking Bits (Prev, Next): (CMBitMap*) 0x0000021b1e9cd2e0, (CMBitMap*) 0x0000021b1e9cd2a0
 Prev Bits: [0x0000021b377b0000, 0x0000021b38f20000)
 Next Bits: [0x0000021b36040000, 0x0000021b377b0000)

Polling page: 0x0000021b1c8f0000

Metaspace:

Usage:
  Non-class:     39.79 MB used.
      Class:      5.14 MB used.
       Both:     44.93 MB used.

Virtual space:
  Non-class space:       64.00 MB reserved,      40.00 MB ( 62%) committed,  1 nodes.
      Class space:        1.00 GB reserved,       5.31 MB ( <1%) committed,  1 nodes.
             Both:        1.06 GB reserved,      45.31 MB (  4%) committed. 

Chunk freelists:
   Non-Class:  7.48 MB
       Class:  10.69 MB
        Both:  18.17 MB

MaxMetaspaceSize: unlimited
CompressedClassSpaceSize: 1.00 GB
Initial GC threshold: 21.00 MB
Current GC threshold: 56.38 MB
CDS: on
MetaspaceReclaimPolicy: balanced
 - commit_granule_bytes: 65536.
 - commit_granule_words: 8192.
 - virtual_space_node_default_size: 8388608.
 - enlarge_chunks_in_place: 1.
 - new_chunks_are_fully_committed: 0.
 - uncommit_free_chunks: 1.
 - use_allocation_guard: 0.
 - handle_deallocations: 1.


Internal statistics:

num_allocs_failed_limit: 3.
num_arena_births: 350.
num_arena_deaths: 0.
num_vsnodes_births: 2.
num_vsnodes_deaths: 0.
num_space_committed: 724.
num_space_uncommitted: 0.
num_chunks_returned_to_freelist: 3.
num_chunks_taken_from_freelist: 1902.
num_chunk_merges: 0.
num_chunk_splits: 1298.
num_chunks_enlarged: 963.
num_inconsistent_stats: 0.

CodeHeap 'non-profiled nmethods': size=120000Kb used=3899Kb max_used=4177Kb free=116100Kb
 bounds [0x0000021b2dcf0000, 0x0000021b2e110000, 0x0000021b35220000]
CodeHeap 'profiled nmethods': size=120000Kb used=19692Kb max_used=19936Kb free=100307Kb
 bounds [0x0000021b26220000, 0x0000021b275b0000, 0x0000021b2d750000]
CodeHeap 'non-nmethods': size=5760Kb used=1304Kb max_used=1352Kb free=4455Kb
 bounds [0x0000021b2d750000, 0x0000021b2d9c0000, 0x0000021b2dcf0000]
 total_blobs=9519 nmethods=8895 adapters=536
 compilation: enabled
              stopped_count=0, restarted_count=0
 full_count=0

Compilation events (20 events):
Event: 17.144 Thread 0x0000021b3bb3e070 10957       2       com.sun.tools.javac.jvm.ClassReader$$Lambda$339/0x0000021b3d3d6a68::apply (9 bytes)
Event: 17.144 Thread 0x0000021b3bb3e070 nmethod 10957 0x0000021b26ef2690 code [0x0000021b26ef2840, 0x0000021b26ef29f8]
Event: 17.144 Thread 0x0000021b3bb3e070 10958       2       com.sun.tools.javac.jvm.ClassReader::lambda$readClass$0 (16 bytes)
Event: 17.145 Thread 0x0000021b3bb3e070 nmethod 10958 0x0000021b26ef2190 code [0x0000021b26ef2340, 0x0000021b26ef24f8]
Event: 17.145 Thread 0x0000021b3bb3e070 10959       3       com.sun.tools.javac.code.Types$TypeMapping::apply (9 bytes)
Event: 17.146 Thread 0x0000021b3bb3e070 nmethod 10959 0x0000021b26ef1910 code [0x0000021b26ef1ae0, 0x0000021b26ef2008]
Event: 17.146 Thread 0x0000021b3bb3e070 10960       2       com.sun.tools.javac.code.Type$StructuralTypeMapping::visitArrayType (7 bytes)
Event: 17.146 Thread 0x0000021b3bb3e070 nmethod 10960 0x0000021b27169090 code [0x0000021b27169220, 0x0000021b27169348]
Event: 17.146 Thread 0x0000021b3bb3e070 10961       2       com.sun.tools.javac.code.Type$StructuralTypeMapping::visitArrayType (43 bytes)
Event: 17.146 Thread 0x0000021b3bb3e070 nmethod 10961 0x0000021b26ef1090 code [0x0000021b26ef1260, 0x0000021b26ef1718]
Event: 17.147 Thread 0x0000021b3bb3e070 10962       3       com.sun.tools.javac.tree.JCTree$JCExpression::setType (8 bytes)
Event: 17.147 Thread 0x0000021b3bb3e070 nmethod 10962 0x0000021b26ef0c90 code [0x0000021b26ef0e20, 0x0000021b26ef0fd8]
Event: 17.147 Thread 0x0000021b3bb3e070 10963       2       com.sun.tools.javac.comp.Infer$IncorporationBinaryOpKind$1::apply (9 bytes)
Event: 17.148 Thread 0x0000021b3bb3e070 nmethod 10963 0x0000021b26ef0910 code [0x0000021b26ef0aa0, 0x0000021b26ef0bc8]
Event: 17.152 Thread 0x0000021b3bb3e070 10964       2       com.sun.tools.javac.code.Types::isSubSignature (30 bytes)
Event: 17.153 Thread 0x0000021b3bb3e070 nmethod 10964 0x0000021b26eefe90 code [0x0000021b26ef0080, 0x0000021b26ef0488]
Event: 17.153 Thread 0x0000021b3bb3e070 10965       3       com.sun.tools.javac.code.Types::cvarUpperBound (37 bytes)
Event: 17.153 Thread 0x0000021b3bb3e070 nmethod 10965 0x0000021b26f61a90 code [0x0000021b26f61c80, 0x0000021b26f62348]
Event: 17.161 Thread 0x0000021b3bb3e070 10966       2       jdk.nio.zipfs.ZipFileSystem$EntryInputStream::initDataPos (94 bytes)
Event: 17.162 Thread 0x0000021b3bb3e070 nmethod 10966 0x0000021b26f61390 code [0x0000021b26f61560, 0x0000021b26f61908]

GC Heap History (20 events):
Event: 12.152 GC heap before
{Heap before GC invocations=12 (full 0):
 garbage-first heap   total 95232K, used 54254K [0x00000000a2400000, 0x0000000100000000)
  region size 1024K, 5 young (5120K), 4 survivors (4096K)
 Metaspace       used 33642K, committed 33984K, reserved 1114112K
  class space    used 3870K, committed 4032K, reserved 1048576K
}
Event: 12.156 GC heap after
{Heap after GC invocations=13 (full 0):
 garbage-first heap   total 95232K, used 53437K [0x00000000a2400000, 0x0000000100000000)
  region size 1024K, 1 young (1024K), 1 survivors (1024K)
 Metaspace       used 33642K, committed 33984K, reserved 1114112K
  class space    used 3870K, committed 4032K, reserved 1048576K
}
Event: 12.604 GC heap before
{Heap before GC invocations=13 (full 0):
 garbage-first heap   total 95232K, used 70845K [0x00000000a2400000, 0x0000000100000000)
  region size 1024K, 18 young (18432K), 1 survivors (1024K)
 Metaspace       used 34231K, committed 34560K, reserved 1114112K
  class space    used 3940K, committed 4096K, reserved 1048576K
}
Event: 12.612 GC heap after
{Heap after GC invocations=14 (full 0):
 garbage-first heap   total 95232K, used 57778K [0x00000000a2400000, 0x0000000100000000)
  region size 1024K, 3 young (3072K), 3 survivors (3072K)
 Metaspace       used 34231K, committed 34560K, reserved 1114112K
  class space    used 3940K, committed 4096K, reserved 1048576K
}
Event: 12.782 GC heap before
{Heap before GC invocations=15 (full 0):
 garbage-first heap   total 106496K, used 73138K [0x00000000a2400000, 0x0000000100000000)
  region size 1024K, 17 young (17408K), 3 survivors (3072K)
 Metaspace       used 34426K, committed 34752K, reserved 1114112K
  class space    used 3941K, committed 4096K, reserved 1048576K
}
Event: 12.790 GC heap after
{Heap after GC invocations=16 (full 0):
 garbage-first heap   total 106496K, used 61240K [0x00000000a2400000, 0x0000000100000000)
  region size 1024K, 3 young (3072K), 3 survivors (3072K)
 Metaspace       used 34426K, committed 34752K, reserved 1114112K
  class space    used 3941K, committed 4096K, reserved 1048576K
}
Event: 12.809 GC heap before
{Heap before GC invocations=16 (full 0):
 garbage-first heap   total 106496K, used 63288K [0x00000000a2400000, 0x0000000100000000)
  region size 1024K, 5 young (5120K), 3 survivors (3072K)
 Metaspace       used 34439K, committed 34752K, reserved 1114112K
  class space    used 3941K, committed 4096K, reserved 1048576K
}
Event: 12.814 GC heap after
{Heap after GC invocations=17 (full 0):
 garbage-first heap   total 106496K, used 61587K [0x00000000a2400000, 0x0000000100000000)
  region size 1024K, 1 young (1024K), 1 survivors (1024K)
 Metaspace       used 34439K, committed 34752K, reserved 1114112K
  class space    used 3941K, committed 4096K, reserved 1048576K
}
Event: 12.934 GC heap before
{Heap before GC invocations=17 (full 0):
 garbage-first heap   total 106496K, used 72851K [0x00000000a2400000, 0x0000000100000000)
  region size 1024K, 13 young (13312K), 1 survivors (1024K)
 Metaspace       used 34572K, committed 34880K, reserved 1114112K
  class space    used 3947K, committed 4096K, reserved 1048576K
}
Event: 12.943 GC heap after
{Heap after GC invocations=18 (full 0):
 garbage-first heap   total 227328K, used 63223K [0x00000000a2400000, 0x0000000100000000)
  region size 1024K, 3 young (3072K), 3 survivors (3072K)
 Metaspace       used 34572K, committed 34880K, reserved 1114112K
  class space    used 3947K, committed 4096K, reserved 1048576K
}
Event: 14.055 GC heap before
{Heap before GC invocations=18 (full 0):
 garbage-first heap   total 227328K, used 143095K [0x00000000a2400000, 0x0000000100000000)
  region size 1024K, 80 young (81920K), 3 survivors (3072K)
 Metaspace       used 37125K, committed 37440K, reserved 1114112K
  class space    used 4210K, committed 4352K, reserved 1048576K
}
Event: 14.061 GC heap after
{Heap after GC invocations=19 (full 0):
 garbage-first heap   total 227328K, used 68147K [0x00000000a2400000, 0x0000000100000000)
  region size 1024K, 7 young (7168K), 7 survivors (7168K)
 Metaspace       used 37125K, committed 37440K, reserved 1114112K
  class space    used 4210K, committed 4352K, reserved 1048576K
}
Event: 14.513 GC heap before
{Heap before GC invocations=19 (full 0):
 garbage-first heap   total 227328K, used 153139K [0x00000000a2400000, 0x0000000100000000)
  region size 1024K, 90 young (92160K), 7 survivors (7168K)
 Metaspace       used 37496K, committed 37824K, reserved 1114112K
  class space    used 4227K, committed 4416K, reserved 1048576K
}
Event: 14.523 GC heap after
{Heap after GC invocations=20 (full 0):
 garbage-first heap   total 227328K, used 72953K [0x00000000a2400000, 0x0000000100000000)
  region size 1024K, 11 young (11264K), 11 survivors (11264K)
 Metaspace       used 37496K, committed 37824K, reserved 1114112K
  class space    used 4227K, committed 4416K, reserved 1048576K
}
Event: 15.574 GC heap before
{Heap before GC invocations=20 (full 0):
 garbage-first heap   total 227328K, used 165113K [0x00000000a2400000, 0x0000000100000000)
  region size 1024K, 101 young (103424K), 11 survivors (11264K)
 Metaspace       used 43675K, committed 44032K, reserved 1114112K
  class space    used 5042K, committed 5248K, reserved 1048576K
}
Event: 15.588 GC heap after
{Heap after GC invocations=21 (full 0):
 garbage-first heap   total 227328K, used 78903K [0x00000000a2400000, 0x0000000100000000)
  region size 1024K, 11 young (11264K), 11 survivors (11264K)
 Metaspace       used 43675K, committed 44032K, reserved 1114112K
  class space    used 5042K, committed 5248K, reserved 1048576K
}
Event: 16.014 GC heap before
{Heap before GC invocations=21 (full 0):
 garbage-first heap   total 227328K, used 172087K [0x00000000a2400000, 0x0000000100000000)
  region size 1024K, 102 young (104448K), 11 survivors (11264K)
 Metaspace       used 43803K, committed 44160K, reserved 1114112K
  class space    used 5042K, committed 5248K, reserved 1048576K
}
Event: 16.020 GC heap after
{Heap after GC invocations=22 (full 0):
 garbage-first heap   total 227328K, used 79061K [0x00000000a2400000, 0x0000000100000000)
  region size 1024K, 7 young (7168K), 7 survivors (7168K)
 Metaspace       used 43803K, committed 44160K, reserved 1114112K
  class space    used 5042K, committed 5248K, reserved 1048576K
}
Event: 17.013 GC heap before
{Heap before GC invocations=22 (full 0):
 garbage-first heap   total 227328K, used 179413K [0x00000000a2400000, 0x0000000100000000)
  region size 1024K, 105 young (107520K), 7 survivors (7168K)
 Metaspace       used 45830K, committed 46208K, reserved 1114112K
  class space    used 5257K, committed 5440K, reserved 1048576K
}
Event: 17.026 GC heap after
{Heap after GC invocations=23 (full 0):
 garbage-first heap   total 227328K, used 80233K [0x00000000a2400000, 0x0000000100000000)
  region size 1024K, 8 young (8192K), 8 survivors (8192K)
 Metaspace       used 45830K, committed 46208K, reserved 1114112K
  class space    used 5257K, committed 5440K, reserved 1048576K
}

Deoptimization events (20 events):
Event: 16.744 Thread 0x0000021b1e97f6a0 Uncommon trap: trap_request=0xffffffc6 fr.pc=0x0000021b2e00900c relative=0x0000000000004a4c
Event: 16.744 Thread 0x0000021b1e97f6a0 Uncommon trap: reason=bimorphic_or_optimized_type_check action=maybe_recompile pc=0x0000021b2e00900c method=com.sun.tools.javac.tree.JCTree$JCAnnotation.accept(Lcom/sun/tools/javac/tree/JCTree$Visitor;)V @ 2 c2
Event: 16.744 Thread 0x0000021b1e97f6a0 DEOPT PACKING pc=0x0000021b2e00900c sp=0x000000e14e8fcfe0
Event: 16.744 Thread 0x0000021b1e97f6a0 DEOPT UNPACKING pc=0x0000021b2d7a23a3 sp=0x000000e14e8fcfd8 mode 2
Event: 16.849 Thread 0x0000021b1e97f6a0 Uncommon trap: trap_request=0xffffff45 fr.pc=0x0000021b2e0ba798 relative=0x0000000000000b38
Event: 16.849 Thread 0x0000021b1e97f6a0 Uncommon trap: reason=unstable_if action=reinterpret pc=0x0000021b2e0ba798 method=com.sun.tools.javac.code.Types$15.visitClassType(Lcom/sun/tools/javac/code/Type$ClassType;Ljava/lang/Void;)Lcom/sun/tools/javac/code/Type; @ 43 c2
Event: 16.849 Thread 0x0000021b1e97f6a0 DEOPT PACKING pc=0x0000021b2e0ba798 sp=0x000000e14e8fcae0
Event: 16.849 Thread 0x0000021b1e97f6a0 DEOPT UNPACKING pc=0x0000021b2d7a23a3 sp=0x000000e14e8fcaa0 mode 2
Event: 16.974 Thread 0x0000021b1e97f6a0 DEOPT PACKING pc=0x0000021b26df72fd sp=0x000000e14e8fbc60
Event: 16.974 Thread 0x0000021b1e97f6a0 DEOPT UNPACKING pc=0x0000021b2d7a2b43 sp=0x000000e14e8fb148 mode 0
Event: 17.004 Thread 0x0000021b1e97f6a0 Uncommon trap: trap_request=0xffffff45 fr.pc=0x0000021b2dea03cc relative=0x000000000000022c
Event: 17.004 Thread 0x0000021b1e97f6a0 Uncommon trap: reason=unstable_if action=reinterpret pc=0x0000021b2dea03cc method=java.util.Spliterators$IteratorSpliterator.tryAdvance(Ljava/util/function/Consumer;)Z @ 16 c2
Event: 17.004 Thread 0x0000021b1e97f6a0 DEOPT PACKING pc=0x0000021b2dea03cc sp=0x000000e14e8fc010
Event: 17.004 Thread 0x0000021b1e97f6a0 DEOPT UNPACKING pc=0x0000021b2d7a23a3 sp=0x000000e14e8fbfd0 mode 2
Event: 17.034 Thread 0x0000021b1e97f6a0 Uncommon trap: trap_request=0xffffff45 fr.pc=0x0000021b2dd5a7b8 relative=0x0000000000000378
Event: 17.034 Thread 0x0000021b1e97f6a0 Uncommon trap: reason=unstable_if action=reinterpret pc=0x0000021b2dd5a7b8 method=com.sun.tools.javac.util.IntHashTable.lookup(Ljava/lang/Object;)I @ 73 c2
Event: 17.034 Thread 0x0000021b1e97f6a0 DEOPT PACKING pc=0x0000021b2dd5a7b8 sp=0x000000e14e8fbbe0
Event: 17.034 Thread 0x0000021b1e97f6a0 DEOPT UNPACKING pc=0x0000021b2d7a23a3 sp=0x000000e14e8fbaf0 mode 2
Event: 17.047 Thread 0x0000021b1e97f6a0 DEOPT PACKING pc=0x0000021b26d8223c sp=0x000000e14e8fccc0
Event: 17.047 Thread 0x0000021b1e97f6a0 DEOPT UNPACKING pc=0x0000021b2d7a2b43 sp=0x000000e14e8fc240 mode 0

Classes unloaded (0 events):
No events

Classes redefined (0 events):
No events

Internal exceptions (20 events):
Event: 17.143 Thread 0x0000021b1e97f6a0 Exception <a 'sun/nio/fs/WindowsException'{0x00000000afdc6c00}> (0x00000000afdc6c00) 
thrown [s\open\src\hotspot\share\prims\jni.cpp, line 516]
Event: 17.143 Thread 0x0000021b1e97f6a0 Exception <a 'sun/nio/fs/WindowsException'{0x00000000afdc6fe8}> (0x00000000afdc6fe8) 
thrown [s\open\src\hotspot\share\prims\jni.cpp, line 516]
Event: 17.143 Thread 0x0000021b1e97f6a0 Exception <a 'sun/nio/fs/WindowsException'{0x00000000afdc8ac8}> (0x00000000afdc8ac8) 
thrown [s\open\src\hotspot\share\prims\jni.cpp, line 516]
Event: 17.143 Thread 0x0000021b1e97f6a0 Exception <a 'sun/nio/fs/WindowsException'{0x00000000afdc8f38}> (0x00000000afdc8f38) 
thrown [s\open\src\hotspot\share\prims\jni.cpp, line 516]
Event: 17.149 Thread 0x0000021b1e97f6a0 Exception <a 'sun/nio/fs/WindowsException'{0x00000000afc0bc88}> (0x00000000afc0bc88) 
thrown [s\open\src\hotspot\share\prims\jni.cpp, line 516]
Event: 17.149 Thread 0x0000021b1e97f6a0 Exception <a 'sun/nio/fs/WindowsException'{0x00000000afc0c038}> (0x00000000afc0c038) 
thrown [s\open\src\hotspot\share\prims\jni.cpp, line 516]
Event: 17.150 Thread 0x0000021b1e97f6a0 Exception <a 'sun/nio/fs/WindowsException'{0x00000000afc1afe8}> (0x00000000afc1afe8) 
thrown [s\open\src\hotspot\share\prims\jni.cpp, line 516]
Event: 17.150 Thread 0x0000021b1e97f6a0 Exception <a 'sun/nio/fs/WindowsException'{0x00000000afc1b348}> (0x00000000afc1b348) 
thrown [s\open\src\hotspot\share\prims\jni.cpp, line 516]
Event: 17.151 Thread 0x0000021b1e97f6a0 Exception <a 'sun/nio/fs/WindowsException'{0x00000000afc48a18}> (0x00000000afc48a18) 
thrown [s\open\src\hotspot\share\prims\jni.cpp, line 516]
Event: 17.151 Thread 0x0000021b1e97f6a0 Exception <a 'sun/nio/fs/WindowsException'{0x00000000afc48dc0}> (0x00000000afc48dc0) 
thrown [s\open\src\hotspot\share\prims\jni.cpp, line 516]
Event: 17.151 Thread 0x0000021b1e97f6a0 Exception <a 'sun/nio/fs/WindowsException'{0x00000000afc4a860}> (0x00000000afc4a860) 
thrown [s\open\src\hotspot\share\prims\jni.cpp, line 516]
Event: 17.151 Thread 0x0000021b1e97f6a0 Exception <a 'sun/nio/fs/WindowsException'{0x00000000afc4ac90}> (0x00000000afc4ac90) 
thrown [s\open\src\hotspot\share\prims\jni.cpp, line 516]
Event: 17.154 Thread 0x0000021b1e97f6a0 Exception <a 'sun/nio/fs/WindowsException'{0x00000000afc7bec8}> (0x00000000afc7bec8) 
thrown [s\open\src\hotspot\share\prims\jni.cpp, line 516]
Event: 17.154 Thread 0x0000021b1e97f6a0 Exception <a 'sun/nio/fs/WindowsException'{0x00000000afc7c250}> (0x00000000afc7c250) 
thrown [s\open\src\hotspot\share\prims\jni.cpp, line 516]
Event: 17.156 Thread 0x0000021b1e97f6a0 Exception <a 'sun/nio/fs/WindowsException'{0x00000000afb07288}> (0x00000000afb07288) 
thrown [s\open\src\hotspot\share\prims\jni.cpp, line 516]
Event: 17.156 Thread 0x0000021b1e97f6a0 Exception <a 'sun/nio/fs/WindowsException'{0x00000000afb075b8}> (0x00000000afb075b8) 
thrown [s\open\src\hotspot\share\prims\jni.cpp, line 516]
Event: 17.160 Thread 0x0000021b1e97f6a0 Exception <a 'sun/nio/fs/WindowsException'{0x00000000afad1a98}> (0x00000000afad1a98) 
thrown [s\open\src\hotspot\share\prims\jni.cpp, line 516]
Event: 17.160 Thread 0x0000021b1e97f6a0 Exception <a 'sun/nio/fs/WindowsException'{0x00000000afad1e18}> (0x00000000afad1e18) 
thrown [s\open\src\hotspot\share\prims\jni.cpp, line 516]
Event: 17.160 Thread 0x0000021b1e97f6a0 Exception <a 'sun/nio/fs/WindowsException'{0x00000000afad3898}> (0x00000000afad3898) 
thrown [s\open\src\hotspot\share\prims\jni.cpp, line 516]
Event: 17.160 Thread 0x0000021b1e97f6a0 Exception <a 'sun/nio/fs/WindowsException'{0x00000000afad3ca8}> (0x00000000afad3ca8) 
thrown [s\open\src\hotspot\share\prims\jni.cpp, line 516]

VM Operations (20 events):
Event: 16.527 Executing VM operation: ICBufferFull
Event: 16.527 Executing VM operation: ICBufferFull done
Event: 16.533 Executing VM operation: HandshakeAllThreads
Event: 16.533 Executing VM operation: HandshakeAllThreads done
Event: 16.565 Executing VM operation: HandshakeAllThreads
Event: 16.565 Executing VM operation: HandshakeAllThreads done
Event: 16.570 Executing VM operation: ICBufferFull
Event: 16.571 Executing VM operation: ICBufferFull done
Event: 16.677 Executing VM operation: HandshakeAllThreads
Event: 16.677 Executing VM operation: HandshakeAllThreads done
Event: 16.678 Executing VM operation: HandshakeAllThreads
Event: 16.678 Executing VM operation: HandshakeAllThreads done
Event: 16.683 Executing VM operation: ICBufferFull
Event: 16.683 Executing VM operation: ICBufferFull done
Event: 16.781 Executing VM operation: ICBufferFull
Event: 16.781 Executing VM operation: ICBufferFull done
Event: 16.885 Executing VM operation: ICBufferFull
Event: 16.885 Executing VM operation: ICBufferFull done
Event: 17.013 Executing VM operation: G1CollectForAllocation
Event: 17.026 Executing VM operation: G1CollectForAllocation done

Events (20 events):
Event: 16.582 Thread 0x0000021b3bb40a80 flushing nmethod 0x0000021b2744f110
Event: 16.582 Thread 0x0000021b3bb40a80 flushing nmethod 0x0000021b2746d510
Event: 16.582 Thread 0x0000021b3bb40a80 flushing nmethod 0x0000021b2748e690
Event: 16.582 Thread 0x0000021b3bb40a80 flushing nmethod 0x0000021b27492610
Event: 16.582 Thread 0x0000021b3bb40a80 flushing nmethod 0x0000021b27493210
Event: 16.582 Thread 0x0000021b3bb40a80 flushing nmethod 0x0000021b27493890
Event: 16.582 Thread 0x0000021b3bb40a80 flushing nmethod 0x0000021b274a0110
Event: 16.582 Thread 0x0000021b3bb40a80 flushing nmethod 0x0000021b274a5990
Event: 16.582 Thread 0x0000021b3bb40a80 flushing nmethod 0x0000021b274bde10
Event: 16.582 Thread 0x0000021b3bb40a80 flushing nmethod 0x0000021b274be410
Event: 16.583 Thread 0x0000021b3bb40a80 flushing nmethod 0x0000021b27525990
Event: 16.583 Thread 0x0000021b3bb40a80 flushing nmethod 0x0000021b27527610
Event: 16.583 Thread 0x0000021b3bb40a80 flushing nmethod 0x0000021b27536590
Event: 16.583 Thread 0x0000021b3bb40a80 flushing nmethod 0x0000021b27537110
Event: 16.583 Thread 0x0000021b3bb40a80 flushing nmethod 0x0000021b27538a90
Event: 16.583 Thread 0x0000021b3bb40a80 flushing nmethod 0x0000021b27538e90
Event: 16.765 loading class java/util/stream/ReduceOps$2
Event: 16.765 loading class java/util/stream/ReduceOps$2 done
Event: 16.765 loading class java/util/stream/ReduceOps$2ReducingSink
Event: 16.765 loading class java/util/stream/ReduceOps$2ReducingSink done


Dynamic libraries:
0x00007ff69a2a0000 - 0x00007ff69a2b0000 	C:\Program Files\Java\jdk-17\bin\java.exe
0x00007ffb55e50000 - 0x00007ffb56066000 	C:\WINDOWS\SYSTEM32\ntdll.dll
0x00007ffb54200000 - 0x00007ffb542c4000 	C:\WINDOWS\System32\KERNEL32.DLL
0x00007ffb53550000 - 0x00007ffb538f6000 	C:\WINDOWS\System32\KERNELBASE.dll
0x00007ffb53a80000 - 0x00007ffb53b91000 	C:\WINDOWS\System32\ucrtbase.dll
0x00007ffb44780000 - 0x00007ffb44799000 	C:\Program Files\Java\jdk-17\bin\jli.dll
0x00007ffb55820000 - 0x00007ffb558d2000 	C:\WINDOWS\System32\ADVAPI32.dll
0x00007ffb53ba0000 - 0x00007ffb53c47000 	C:\WINDOWS\System32\msvcrt.dll
0x00007ffb55770000 - 0x00007ffb55818000 	C:\WINDOWS\System32\sechost.dll
0x00007ffb53a50000 - 0x00007ffb53a78000 	C:\WINDOWS\System32\bcrypt.dll
0x00007ffb53c50000 - 0x00007ffb53d65000 	C:\WINDOWS\System32\RPCRT4.dll
0x00007ffb542d0000 - 0x00007ffb5447d000 	C:\WINDOWS\System32\USER32.dll
0x00007ffb53900000 - 0x00007ffb53926000 	C:\WINDOWS\System32\win32u.dll
0x00007ffb541d0000 - 0x00007ffb541f9000 	C:\WINDOWS\System32\GDI32.dll
0x00007ffb53930000 - 0x00007ffb53a48000 	C:\WINDOWS\System32\gdi32full.dll
0x00007ffb534b0000 - 0x00007ffb5354a000 	C:\WINDOWS\System32\msvcp_win.dll
0x00007ffb2f8a0000 - 0x00007ffb2fb33000 	C:\WINDOWS\WinSxS\amd64_microsoft.windows.common-controls_6595b64144ccf1df_6.0.22621.3235_none_270f74e173860f98\COMCTL32.dll
0x00007ffb41420000 - 0x00007ffb4143b000 	C:\Program Files\Java\jdk-17\bin\VCRUNTIME140.dll
0x00007ffb4b8e0000 - 0x00007ffb4b8ea000 	C:\WINDOWS\SYSTEM32\VERSION.dll
0x00007ffb54640000 - 0x00007ffb54671000 	C:\WINDOWS\System32\IMM32.DLL
0x00007ffb4f830000 - 0x00007ffb4f83c000 	C:\Program Files\Java\jdk-17\bin\vcruntime140_1.dll
0x00007ffb25d60000 - 0x00007ffb25dee000 	C:\Program Files\Java\jdk-17\bin\msvcp140.dll
0x00007ffaf5830000 - 0x00007ffaf6411000 	C:\Program Files\Java\jdk-17\bin\server\jvm.dll
0x00007ffb54680000 - 0x00007ffb54688000 	C:\WINDOWS\System32\PSAPI.DLL
0x00007ffb4c130000 - 0x00007ffb4c164000 	C:\WINDOWS\SYSTEM32\WINMM.dll
0x00007ffb34e90000 - 0x00007ffb34e99000 	C:\WINDOWS\SYSTEM32\WSOCK32.dll
0x00007ffb54150000 - 0x00007ffb541c1000 	C:\WINDOWS\System32\ws2_32.DLL
0x00007ffb52280000 - 0x00007ffb52298000 	C:\WINDOWS\SYSTEM32\kernel.appcore.dll
0x00007ffb4f690000 - 0x00007ffb4f69a000 	C:\Program Files\Java\jdk-17\bin\jimage.dll
0x00007ffb50b60000 - 0x00007ffb50d93000 	C:\WINDOWS\SYSTEM32\DBGHELP.DLL
0x00007ffb55040000 - 0x00007ffb553c8000 	C:\WINDOWS\System32\combase.dll
0x00007ffb53ef0000 - 0x00007ffb53fc7000 	C:\WINDOWS\System32\OLEAUT32.dll
0x00007ffb3c740000 - 0x00007ffb3c772000 	C:\WINDOWS\SYSTEM32\dbgcore.DLL
0x00007ffb53430000 - 0x00007ffb534aa000 	C:\WINDOWS\System32\bcryptPrimitives.dll
0x00007ffb40c50000 - 0x00007ffb40c75000 	C:\Program Files\Java\jdk-17\bin\java.dll
0x00007ffb25920000 - 0x00007ffb259f7000 	C:\Program Files\Java\jdk-17\bin\jsvml.dll
0x00007ffb54690000 - 0x00007ffb54eed000 	C:\WINDOWS\System32\SHELL32.dll
0x00007ffb510b0000 - 0x00007ffb519a8000 	C:\WINDOWS\SYSTEM32\windows.storage.dll
0x00007ffb50f70000 - 0x00007ffb510ae000 	C:\WINDOWS\SYSTEM32\wintypes.dll
0x00007ffb53fd0000 - 0x00007ffb540c3000 	C:\WINDOWS\System32\SHCORE.dll
0x00007ffb53e90000 - 0x00007ffb53eee000 	C:\WINDOWS\System32\shlwapi.dll
0x00007ffb530c0000 - 0x00007ffb530e6000 	C:\WINDOWS\SYSTEM32\profapi.dll
0x00007ffb40c10000 - 0x00007ffb40c29000 	C:\Program Files\Java\jdk-17\bin\net.dll
0x00007ffb4f0b0000 - 0x00007ffb4f1e7000 	C:\WINDOWS\SYSTEM32\WINHTTP.dll
0x00007ffb526f0000 - 0x00007ffb52759000 	C:\WINDOWS\system32\mswsock.dll
0x00007ffb40bf0000 - 0x00007ffb40c06000 	C:\Program Files\Java\jdk-17\bin\nio.dll
0x00007ffb40ad0000 - 0x00007ffb40ae8000 	C:\Program Files\Java\jdk-17\bin\zip.dll
0x0000000069ac0000 - 0x0000000069ae4000 	C:\Program Files\apache-maven-3.9.6\lib\jansi-native\Windows\x86_64\jansi.dll
0x00007ffb41410000 - 0x00007ffb41420000 	C:\Program Files\Java\jdk-17\bin\verify.dll
0x00007ffb52990000 - 0x00007ffb529ab000 	C:\WINDOWS\SYSTEM32\CRYPTSP.dll
0x00007ffb521e0000 - 0x00007ffb52215000 	C:\WINDOWS\system32\rsaenh.dll
0x00007ffb52790000 - 0x00007ffb527bc000 	C:\WINDOWS\SYSTEM32\USERENV.dll
0x00007ffb528f0000 - 0x00007ffb528fc000 	C:\WINDOWS\SYSTEM32\CRYPTBASE.dll
0x00007ffb51c80000 - 0x00007ffb51cad000 	C:\WINDOWS\SYSTEM32\IPHLPAPI.DLL
0x00007ffb55760000 - 0x00007ffb55769000 	C:\WINDOWS\System32\NSI.dll
0x00007ffb4d2e0000 - 0x00007ffb4d2f9000 	C:\WINDOWS\SYSTEM32\dhcpcsvc6.DLL
0x00007ffb4d090000 - 0x00007ffb4d0af000 	C:\WINDOWS\SYSTEM32\dhcpcsvc.DLL
0x00007ffb51cb0000 - 0x00007ffb51da9000 	C:\WINDOWS\SYSTEM32\DNSAPI.dll
0x00007ffb4bcf0000 - 0x00007ffb4bcfa000 	C:\Windows\System32\rasadhlp.dll
0x00007ffb4c0a0000 - 0x00007ffb4c123000 	C:\WINDOWS\System32\fwpuclnt.dll
0x00007ffb40aa0000 - 0x00007ffb40aae000 	C:\Program Files\Java\jdk-17\bin\sunmscapi.dll
0x00007ffb53190000 - 0x00007ffb532f6000 	C:\WINDOWS\System32\CRYPT32.dll
0x00007ffb52b30000 - 0x00007ffb52b5e000 	C:\WINDOWS\SYSTEM32\ncrypt.dll
0x00007ffb52af0000 - 0x00007ffb52b27000 	C:\WINDOWS\SYSTEM32\NTASN1.dll
0x00007ffb522a0000 - 0x00007ffb522d4000 	C:\WINDOWS\SYSTEM32\ntmarta.dll

dbghelp: loaded successfully - version: 4.0.5 - missing functions: none
symbol engine: initialized successfully - sym options: 0x614 - pdb path: .;C:\Program Files\Java\jdk-17\bin;C:\WINDOWS\SYSTEM32;C:\WINDOWS\WinSxS\amd64_microsoft.windows.common-controls_6595b64144ccf1df_6.0.22621.3235_none_270f74e173860f98;C:\Program Files\Java\jdk-17\bin\server;C:\Program Files\apache-maven-3.9.6\lib\jansi-native\Windows\x86_64

VM Arguments:
jvm_args: -Dclassworlds.conf=C:/Program Files/apache-maven-3.9.6/bin/m2.conf -Dmaven.home=C:/Program Files/apache-maven-3.9.6 -Dlibrary.jansi.path=C:/Program Files/apache-maven-3.9.6/lib/jansi-native -Dmaven.multiModuleProjectDirectory=D:/LE HOANG PHUC/School Project/Major/Graduate/anadep/backend 
java_command: org.codehaus.plexus.classworlds.launcher.Launcher clean install
java_class_path (initial): C:/Program Files/apache-maven-3.9.6/boot/plexus-classworlds-2.7.0.jar
Launcher Type: SUN_STANDARD

[Global flags]
     intx CICompilerCount                          = 4                                         {product} {ergonomic}
     uint ConcGCThreads                            = 3                                         {product} {ergonomic}
     uint G1ConcRefinementThreads                  = 10                                        {product} {ergonomic}
   size_t G1HeapRegionSize                         = 1048576                                   {product} {ergonomic}
    uintx GCDrainStackTargetSize                   = 64                                        {product} {ergonomic}
   size_t InitialHeapSize                          = 98566144                                  {product} {ergonomic}
   size_t MarkStackSize                            = 4194304                                   {product} {ergonomic}
   size_t MaxHeapSize                              = 1572864000                                {product} {ergonomic}
   size_t MaxNewSize                               = 943718400                                 {product} {ergonomic}
   size_t MinHeapDeltaBytes                        = 1048576                                   {product} {ergonomic}
   size_t MinHeapSize                              = 8388608                                   {product} {ergonomic}
    uintx NonNMethodCodeHeapSize                   = 5839372                                {pd product} {ergonomic}
    uintx NonProfiledCodeHeapSize                  = 122909434                              {pd product} {ergonomic}
    uintx ProfiledCodeHeapSize                     = 122909434                              {pd product} {ergonomic}
    uintx ReservedCodeCacheSize                    = 251658240                              {pd product} {ergonomic}
     bool SegmentedCodeCache                       = true                                      {product} {ergonomic}
   size_t SoftMaxHeapSize                          = 1572864000                             {manageable} {ergonomic}
     bool UseCompressedClassPointers               = true                           {product lp64_product} {ergonomic}
     bool UseCompressedOops                        = true                           {product lp64_product} {ergonomic}
     bool UseG1GC                                  = true                                      {product} {ergonomic}
     bool UseLargePagesIndividualAllocation        = false                                  {pd product} {ergonomic}

Logging:
Log output configuration:
 #0: stdout all=warning uptime,level,tags
 #1: stderr all=off uptime,level,tags

Environment Variables:
JAVA_HOME=C:/Program Files/Java/jdk-17
PATH=C:\Program Files\Git\mingw64\bin;C:\Program Files\Git\usr\bin;C:\Users\lephu\bin;C:\Program Files\Common Files\Oracle\Java\javapath;C:\Windows\system32;C:\Windows;C:\Windows\System32\Wbem;C:\Windows\System32\WindowsPowerShell\v1.0;C:\Windows\System32\OpenSSH;C:\Program Files (x86)\NVIDIA Corporation\PhysX\Common;C:\Program Files\NVIDIA Corporation\NVIDIA NvDLISR;C:\WINDOWS\system32;C:\WINDOWS;C:\WINDOWS\System32\Wbem;C:\WINDOWS\System32\WindowsPowerShell\v1.0;C:\WINDOWS\System32\OpenSSH;C:\Program Files\Git\cmd;C:\Program Files\Docker\Docker\resources\bin;C:\Program Files\nodejs;%JAVA_HOME%\bin;C:\Program Files\apache-maven-3.9.6\bin;C:\Program Files (x86)\Go\bin;C:\Program Files (x86)\Vagrant\bin;C:\Users\lephu\AppData\Local\Microsoft\WindowsApps;C:\Users\lephu\AppData\Local\Programs\Microsoft VS Code\bin;C:\Users\lephu\AppData\Roaming\npm;C:\Users\lephu\go\bin
USERNAME=lephu
OS=Windows_NT
PROCESSOR_IDENTIFIER=AMD64 Family 25 Model 80 Stepping 0, AuthenticAMD



---------------  S Y S T E M  ---------------

OS:
 Windows 11 , 64 bit Build 22621 (10.0.22621.3235)
OS uptime: 16 days 15:12 hours
Hyper-V role detected

CPU: total 12 (initial active 12) (12 cores per cpu, 2 threads per core) family 25 model 80 stepping 0 microcode 0x0, cx8, cmov, fxsr, ht, mmx, 3dnowpref, sse, sse2, sse3, ssse3, sse4a, sse4.1, sse4.2, popcnt, lzcnt, tsc, tscinvbit, avx, avx2, aes, erms, clmul, bmi1, bmi2, adx, sha, fma, vzeroupper, clflush, clflushopt, hv

Memory: 4k page, system-wide physical 5996M (95M free)
TotalPageFile size 24428M (AvailPageFile size 5M)
current process WorkingSet (physical memory assigned to process): 372M, peak: 380M
current process commit charge ("private bytes"): 426M, peak: 429M

vm_info: Java HotSpot(TM) 64-Bit Server VM (17.0.9+11-LTS-201) for windows-amd64 JRE (17.0.9+11-LTS-201), built on Oct 10 2023 23:16:06 by "mach5one" with MS VC++ 17.1 (VS2022)

END.
